2024-04-23 09:43:35,793 INFO o.s.t.c.s.AnnotationConfigContextLoaderUtils [main] Could not detect default configuration classes for test class [by.bondarev.dbms.MovieEntityTest]: MovieEntityTest does not declare any static, non-private, non-final, nested classes annotated with @Configuration.
2024-04-23 09:43:35,891 INFO o.s.b.t.c.SpringBootTestContextBootstrapper [main] Found @SpringBootConfiguration by.bondarev.dbms.DbmsApplication for test class by.bondarev.dbms.MovieEntityTest
2024-04-23 09:43:36,235 INFO b.b.d.MovieEntityTest [main] Starting MovieEntityTest using Java 21.0.2 with PID 19135 (started by wupdp in /home/wupdp/Рабочий стол/Java/dbms-service)
2024-04-23 09:43:36,238 INFO b.b.d.MovieEntityTest [main] No active profile set, falling back to 1 default profile: "default"
2024-04-23 09:43:36,653 INFO o.s.d.r.c.RepositoryConfigurationDelegate [main] Multiple Spring Data modules found, entering strict repository configuration mode
2024-04-23 09:43:36,655 INFO o.s.d.r.c.RepositoryConfigurationDelegate [main] Bootstrapping Spring Data JPA repositories in DEFAULT mode.
2024-04-23 09:43:36,800 INFO o.s.d.r.c.RepositoryConfigurationDelegate [main] Finished Spring Data repository scanning in 137 ms. Found 6 JPA repository interfaces.
2024-04-23 09:43:37,140 INFO o.h.j.i.u.LogHelper [main] HHH000204: Processing PersistenceUnitInfo [name: default]
2024-04-23 09:43:37,192 INFO o.h.Version [main] HHH000412: Hibernate ORM core version 6.5.0.CR1
2024-04-23 09:43:37,220 INFO o.h.c.i.RegionFactoryInitiator [main] HHH000026: Second-level cache disabled
2024-04-23 09:43:37,422 INFO o.s.o.j.p.SpringPersistenceUnitInfo [main] No LoadTimeWeaver setup: ignoring JPA class transformer
2024-04-23 09:43:37,437 WARN o.h.o.deprecation [main] HHH90000021: Encountered deprecated setting [hibernate.temp.use_jdbc_metadata_defaults], use [hibernate.boot.allow_jdbc_metadata_access] instead
2024-04-23 09:43:37,454 WARN o.h.o.deprecation [main] HHH90000025: PostgreSQLDialect does not need to be specified explicitly using 'hibernate.dialect' (remove the property setting and it will be selected by default)
2024-04-23 09:43:38,256 INFO o.h.e.t.j.p.i.JtaPlatformInitiator [main] HHH000489: No JTA platform available (set 'hibernate.transaction.jta.platform' to enable JTA platform integration)
2024-04-23 09:43:38,506 INFO o.s.o.j.LocalContainerEntityManagerFactoryBean [main] Initialized JPA EntityManagerFactory for persistence unit 'default'
2024-04-23 09:43:38,744 INFO o.s.d.j.r.q.QueryEnhancerFactory [main] Hibernate is in classpath; If applicable, HQL parser will be used.
2024-04-23 09:43:39,245 INFO b.b.d.MovieEntityTest [main] Started MovieEntityTest in 3.306 seconds (process running for 19.192)
2024-04-23 09:43:43,522 INFO o.s.o.j.LocalContainerEntityManagerFactoryBean [SpringApplicationShutdownHook] Closing JPA EntityManagerFactory for persistence unit 'default'
2024-04-23 09:44:32,551 INFO o.s.t.c.s.AnnotationConfigContextLoaderUtils [main] Could not detect default configuration classes for test class [by.bondarev.dbms.RedisAccessTest]: RedisAccessTest does not declare any static, non-private, non-final, nested classes annotated with @Configuration.
2024-04-23 09:44:32,740 INFO o.s.b.t.c.SpringBootTestContextBootstrapper [main] Found @SpringBootConfiguration by.bondarev.dbms.DbmsApplication for test class by.bondarev.dbms.RedisAccessTest
2024-04-23 09:44:33,561 INFO b.b.d.RedisAccessTest [main] Starting RedisAccessTest using Java 21.0.2 with PID 22427 (started by wupdp in /home/wupdp/Рабочий стол/Java/dbms-service)
2024-04-23 09:44:33,605 INFO b.b.d.RedisAccessTest [main] No active profile set, falling back to 1 default profile: "default"
2024-04-23 09:44:34,157 INFO o.s.d.r.c.RepositoryConfigurationDelegate [main] Multiple Spring Data modules found, entering strict repository configuration mode
2024-04-23 09:44:34,160 INFO o.s.d.r.c.RepositoryConfigurationDelegate [main] Bootstrapping Spring Data Redis repositories in DEFAULT mode.
2024-04-23 09:44:34,223 INFO o.s.d.r.c.RepositoryConfigurationExtensionSupport [main] Spring Data Redis - Could not safely identify store assignment for repository candidate interface by.bondarev.dbms.repository.CountryRepository; If you want this repository to be a Redis repository, consider annotating your entities with one of these annotations: org.springframework.data.redis.core.RedisHash (preferred), or consider extending one of the following types with your repository: org.springframework.data.keyvalue.repository.KeyValueRepository
2024-04-23 09:44:34,224 INFO o.s.d.r.c.RepositoryConfigurationExtensionSupport [main] Spring Data Redis - Could not safely identify store assignment for repository candidate interface by.bondarev.dbms.repository.GenreRepository; If you want this repository to be a Redis repository, consider annotating your entities with one of these annotations: org.springframework.data.redis.core.RedisHash (preferred), or consider extending one of the following types with your repository: org.springframework.data.keyvalue.repository.KeyValueRepository
2024-04-23 09:44:34,226 INFO o.s.d.r.c.RepositoryConfigurationExtensionSupport [main] Spring Data Redis - Could not safely identify store assignment for repository candidate interface by.bondarev.dbms.repository.MovieRepository; If you want this repository to be a Redis repository, consider annotating your entities with one of these annotations: org.springframework.data.redis.core.RedisHash (preferred), or consider extending one of the following types with your repository: org.springframework.data.keyvalue.repository.KeyValueRepository
2024-04-23 09:44:34,228 INFO o.s.d.r.c.RepositoryConfigurationExtensionSupport [main] Spring Data Redis - Could not safely identify store assignment for repository candidate interface by.bondarev.dbms.repository.PersonRepository; If you want this repository to be a Redis repository, consider annotating your entities with one of these annotations: org.springframework.data.redis.core.RedisHash (preferred), or consider extending one of the following types with your repository: org.springframework.data.keyvalue.repository.KeyValueRepository
2024-04-23 09:44:34,230 INFO o.s.d.r.c.RepositoryConfigurationExtensionSupport [main] Spring Data Redis - Could not safely identify store assignment for repository candidate interface by.bondarev.dbms.repository.StatusRepository; If you want this repository to be a Redis repository, consider annotating your entities with one of these annotations: org.springframework.data.redis.core.RedisHash (preferred), or consider extending one of the following types with your repository: org.springframework.data.keyvalue.repository.KeyValueRepository
2024-04-23 09:44:34,232 INFO o.s.d.r.c.RepositoryConfigurationExtensionSupport [main] Spring Data Redis - Could not safely identify store assignment for repository candidate interface by.bondarev.dbms.repository.TypeRepository; If you want this repository to be a Redis repository, consider annotating your entities with one of these annotations: org.springframework.data.redis.core.RedisHash (preferred), or consider extending one of the following types with your repository: org.springframework.data.keyvalue.repository.KeyValueRepository
2024-04-23 09:44:34,233 INFO o.s.d.r.c.RepositoryConfigurationDelegate [main] Finished Spring Data repository scanning in 50 ms. Found 0 Redis repository interfaces.
2024-04-23 09:44:35,174 INFO b.b.d.RedisAccessTest [main] Started RedisAccessTest in 2.346 seconds (process running for 9.899)
2024-04-23 09:44:42,027 INFO i.l.c.p.ConnectionWatchdog [lettuce-eventExecutorLoop-1-2] Reconnecting, last destination was localhost/127.0.0.1:6379
2024-04-23 09:44:42,032 WARN i.l.c.p.ConnectionWatchdog [lettuce-nioEventLoop-4-2] Cannot reconnect to [localhost/<unresolved>:6379]: Connection closed prematurely
io.lettuce.core.RedisConnectionException: Connection closed prematurely
	at io.lettuce.core.protocol.RedisHandshakeHandler.channelInactive(RedisHandshakeHandler.java:91) ~[lettuce-core-6.3.2.RELEASE.jar:6.3.2.RELEASE/8941aea]
	at io.netty.channel.AbstractChannelHandlerContext.invokeChannelInactive(AbstractChannelHandlerContext.java:303) ~[netty-transport-4.1.108.Final.jar:4.1.108.Final]
	at io.netty.channel.AbstractChannelHandlerContext.invokeChannelInactive(AbstractChannelHandlerContext.java:281) ~[netty-transport-4.1.108.Final.jar:4.1.108.Final]
	at io.netty.channel.AbstractChannelHandlerContext.fireChannelInactive(AbstractChannelHandlerContext.java:274) ~[netty-transport-4.1.108.Final.jar:4.1.108.Final]
	at io.netty.channel.ChannelInboundHandlerAdapter.channelInactive(ChannelInboundHandlerAdapter.java:81) ~[netty-transport-4.1.108.Final.jar:4.1.108.Final]
	at io.lettuce.core.ChannelGroupListener.channelInactive(ChannelGroupListener.java:69) ~[lettuce-core-6.3.2.RELEASE.jar:6.3.2.RELEASE/8941aea]
	at io.netty.channel.AbstractChannelHandlerContext.invokeChannelInactive(AbstractChannelHandlerContext.java:303) ~[netty-transport-4.1.108.Final.jar:4.1.108.Final]
	at io.netty.channel.AbstractChannelHandlerContext.invokeChannelInactive(AbstractChannelHandlerContext.java:281) ~[netty-transport-4.1.108.Final.jar:4.1.108.Final]
	at io.netty.channel.AbstractChannelHandlerContext.fireChannelInactive(AbstractChannelHandlerContext.java:274) ~[netty-transport-4.1.108.Final.jar:4.1.108.Final]
	at io.netty.channel.DefaultChannelPipeline$HeadContext.channelInactive(DefaultChannelPipeline.java:1405) ~[netty-transport-4.1.108.Final.jar:4.1.108.Final]
	at io.netty.channel.AbstractChannelHandlerContext.invokeChannelInactive(AbstractChannelHandlerContext.java:301) ~[netty-transport-4.1.108.Final.jar:4.1.108.Final]
	at io.netty.channel.AbstractChannelHandlerContext.invokeChannelInactive(AbstractChannelHandlerContext.java:281) ~[netty-transport-4.1.108.Final.jar:4.1.108.Final]
	at io.netty.channel.DefaultChannelPipeline.fireChannelInactive(DefaultChannelPipeline.java:901) ~[netty-transport-4.1.108.Final.jar:4.1.108.Final]
	at io.netty.channel.AbstractChannel$AbstractUnsafe$7.run(AbstractChannel.java:813) ~[netty-transport-4.1.108.Final.jar:4.1.108.Final]
	at io.netty.util.concurrent.AbstractEventExecutor.runTask(AbstractEventExecutor.java:173) ~[netty-common-4.1.108.Final.jar:4.1.108.Final]
	at io.netty.util.concurrent.AbstractEventExecutor.safeExecute(AbstractEventExecutor.java:166) ~[netty-common-4.1.108.Final.jar:4.1.108.Final]
	at io.netty.util.concurrent.SingleThreadEventExecutor.runAllTasks(SingleThreadEventExecutor.java:470) ~[netty-common-4.1.108.Final.jar:4.1.108.Final]
	at io.netty.channel.nio.NioEventLoop.run(NioEventLoop.java:566) ~[netty-transport-4.1.108.Final.jar:4.1.108.Final]
	at io.netty.util.concurrent.SingleThreadEventExecutor$4.run(SingleThreadEventExecutor.java:997) ~[netty-common-4.1.108.Final.jar:4.1.108.Final]
	at io.netty.util.internal.ThreadExecutorMap$2.run(ThreadExecutorMap.java:74) ~[netty-common-4.1.108.Final.jar:4.1.108.Final]
	at io.netty.util.concurrent.FastThreadLocalRunnable.run(FastThreadLocalRunnable.java:30) ~[netty-common-4.1.108.Final.jar:4.1.108.Final]
	at java.lang.Thread.run(Thread.java:1583) ~[?:?]
2024-04-23 09:45:18,023 INFO o.s.t.c.s.AnnotationConfigContextLoaderUtils [main] Could not detect default configuration classes for test class [by.bondarev.dbms.ServiceIntegrationTest]: ServiceIntegrationTest does not declare any static, non-private, non-final, nested classes annotated with @Configuration.
2024-04-23 09:45:18,169 INFO o.s.b.t.c.SpringBootTestContextBootstrapper [main] Found @SpringBootConfiguration by.bondarev.dbms.DbmsApplication for test class by.bondarev.dbms.ServiceIntegrationTest
2024-04-23 09:45:32,804 INFO b.b.d.ServiceIntegrationTest [main] Starting ServiceIntegrationTest using Java 21.0.2 with PID 25291 (started by wupdp in /home/wupdp/Рабочий стол/Java/dbms-service)
2024-04-23 09:45:32,808 INFO b.b.d.ServiceIntegrationTest [main] No active profile set, falling back to 1 default profile: "default"
2024-04-23 09:45:33,640 INFO o.s.d.r.c.RepositoryConfigurationDelegate [main] Multiple Spring Data modules found, entering strict repository configuration mode
2024-04-23 09:45:33,641 INFO o.s.d.r.c.RepositoryConfigurationDelegate [main] Bootstrapping Spring Data JPA repositories in DEFAULT mode.
2024-04-23 09:45:33,757 INFO o.s.d.r.c.RepositoryConfigurationDelegate [main] Finished Spring Data repository scanning in 109 ms. Found 6 JPA repository interfaces.
2024-04-23 09:45:33,772 INFO o.s.d.r.c.RepositoryConfigurationDelegate [main] Multiple Spring Data modules found, entering strict repository configuration mode
2024-04-23 09:45:33,773 INFO o.s.d.r.c.RepositoryConfigurationDelegate [main] Bootstrapping Spring Data Redis repositories in DEFAULT mode.
2024-04-23 09:45:33,784 INFO o.s.d.r.c.RepositoryConfigurationExtensionSupport [main] Spring Data Redis - Could not safely identify store assignment for repository candidate interface by.bondarev.dbms.repository.CountryRepository; If you want this repository to be a Redis repository, consider annotating your entities with one of these annotations: org.springframework.data.redis.core.RedisHash (preferred), or consider extending one of the following types with your repository: org.springframework.data.keyvalue.repository.KeyValueRepository
2024-04-23 09:45:33,784 INFO o.s.d.r.c.RepositoryConfigurationExtensionSupport [main] Spring Data Redis - Could not safely identify store assignment for repository candidate interface by.bondarev.dbms.repository.GenreRepository; If you want this repository to be a Redis repository, consider annotating your entities with one of these annotations: org.springframework.data.redis.core.RedisHash (preferred), or consider extending one of the following types with your repository: org.springframework.data.keyvalue.repository.KeyValueRepository
2024-04-23 09:45:33,785 INFO o.s.d.r.c.RepositoryConfigurationExtensionSupport [main] Spring Data Redis - Could not safely identify store assignment for repository candidate interface by.bondarev.dbms.repository.MovieRepository; If you want this repository to be a Redis repository, consider annotating your entities with one of these annotations: org.springframework.data.redis.core.RedisHash (preferred), or consider extending one of the following types with your repository: org.springframework.data.keyvalue.repository.KeyValueRepository
2024-04-23 09:45:33,785 INFO o.s.d.r.c.RepositoryConfigurationExtensionSupport [main] Spring Data Redis - Could not safely identify store assignment for repository candidate interface by.bondarev.dbms.repository.PersonRepository; If you want this repository to be a Redis repository, consider annotating your entities with one of these annotations: org.springframework.data.redis.core.RedisHash (preferred), or consider extending one of the following types with your repository: org.springframework.data.keyvalue.repository.KeyValueRepository
2024-04-23 09:45:33,785 INFO o.s.d.r.c.RepositoryConfigurationExtensionSupport [main] Spring Data Redis - Could not safely identify store assignment for repository candidate interface by.bondarev.dbms.repository.StatusRepository; If you want this repository to be a Redis repository, consider annotating your entities with one of these annotations: org.springframework.data.redis.core.RedisHash (preferred), or consider extending one of the following types with your repository: org.springframework.data.keyvalue.repository.KeyValueRepository
2024-04-23 09:45:33,786 INFO o.s.d.r.c.RepositoryConfigurationExtensionSupport [main] Spring Data Redis - Could not safely identify store assignment for repository candidate interface by.bondarev.dbms.repository.TypeRepository; If you want this repository to be a Redis repository, consider annotating your entities with one of these annotations: org.springframework.data.redis.core.RedisHash (preferred), or consider extending one of the following types with your repository: org.springframework.data.keyvalue.repository.KeyValueRepository
2024-04-23 09:45:33,786 INFO o.s.d.r.c.RepositoryConfigurationDelegate [main] Finished Spring Data repository scanning in 6 ms. Found 0 Redis repository interfaces.
2024-04-23 09:45:34,341 INFO o.h.j.i.u.LogHelper [main] HHH000204: Processing PersistenceUnitInfo [name: default]
2024-04-23 09:45:34,383 INFO o.h.Version [main] HHH000412: Hibernate ORM core version 6.5.0.CR1
2024-04-23 09:45:34,410 INFO o.h.c.i.RegionFactoryInitiator [main] HHH000026: Second-level cache disabled
2024-04-23 09:45:34,572 INFO o.s.o.j.p.SpringPersistenceUnitInfo [main] No LoadTimeWeaver setup: ignoring JPA class transformer
2024-04-23 09:45:34,580 WARN o.h.o.deprecation [main] HHH90000021: Encountered deprecated setting [hibernate.temp.use_jdbc_metadata_defaults], use [hibernate.boot.allow_jdbc_metadata_access] instead
2024-04-23 09:45:34,591 WARN o.h.o.deprecation [main] HHH90000025: PostgreSQLDialect does not need to be specified explicitly using 'hibernate.dialect' (remove the property setting and it will be selected by default)
2024-04-23 09:45:35,348 INFO o.h.e.t.j.p.i.JtaPlatformInitiator [main] HHH000489: No JTA platform available (set 'hibernate.transaction.jta.platform' to enable JTA platform integration)
2024-04-23 09:45:35,619 INFO o.s.o.j.LocalContainerEntityManagerFactoryBean [main] Initialized JPA EntityManagerFactory for persistence unit 'default'
2024-04-23 09:45:35,897 INFO o.s.d.j.r.q.QueryEnhancerFactory [main] Hibernate is in classpath; If applicable, HQL parser will be used.
2024-04-23 09:45:36,966 WARN o.s.b.a.o.j.JpaBaseConfiguration$JpaWebConfiguration [main] spring.jpa.open-in-view is enabled by default. Therefore, database queries may be performed during view rendering. Explicitly configure spring.jpa.open-in-view to disable this warning
2024-04-23 09:45:37,667 INFO o.s.b.a.e.w.EndpointLinksResolver [main] Exposing 2 endpoints beneath base path '/actuator'
2024-04-23 09:45:37,743 INFO b.b.d.ServiceIntegrationTest [main] Started ServiceIntegrationTest in 5.212 seconds (process running for 20.86)
2024-04-23 09:45:37,758 INFO o.s.b.f.a.AutowiredAnnotationBeanPostProcessor [main] Autowired annotation is not supported on static fields: static java.lang.String by.bondarev.dbms.ServiceIntegrationTest.dbServiceUrl
2024-04-23 09:45:37,758 INFO o.s.b.f.a.AutowiredAnnotationBeanPostProcessor [main] Autowired annotation is not supported on static fields: static java.lang.String by.bondarev.dbms.ServiceIntegrationTest.dbUsername
2024-04-23 09:45:37,758 INFO o.s.b.f.a.AutowiredAnnotationBeanPostProcessor [main] Autowired annotation is not supported on static fields: static java.lang.String by.bondarev.dbms.ServiceIntegrationTest.dbPassword
2024-04-23 09:45:42,410 INFO o.s.o.j.LocalContainerEntityManagerFactoryBean [SpringApplicationShutdownHook] Closing JPA EntityManagerFactory for persistence unit 'default'
2024-04-23 09:53:52,510 INFO o.s.t.c.s.AnnotationConfigContextLoaderUtils [main] Could not detect default configuration classes for test class [by.bondarev.dbms.MovieEntityTest]: MovieEntityTest does not declare any static, non-private, non-final, nested classes annotated with @Configuration.
2024-04-23 09:53:52,612 INFO o.s.b.t.c.SpringBootTestContextBootstrapper [main] Found @SpringBootConfiguration by.bondarev.dbms.DbmsApplication for test class by.bondarev.dbms.MovieEntityTest
2024-04-23 09:53:52,955 INFO b.b.d.MovieEntityTest [main] Starting MovieEntityTest using Java 21.0.2 with PID 40002 (started by wupdp in /home/wupdp/Рабочий стол/Java/dbms-service)
2024-04-23 09:53:52,959 INFO b.b.d.MovieEntityTest [main] No active profile set, falling back to 1 default profile: "default"
2024-04-23 09:53:53,309 INFO o.s.d.r.c.RepositoryConfigurationDelegate [main] Multiple Spring Data modules found, entering strict repository configuration mode
2024-04-23 09:53:53,311 INFO o.s.d.r.c.RepositoryConfigurationDelegate [main] Bootstrapping Spring Data JPA repositories in DEFAULT mode.
2024-04-23 09:53:53,450 INFO o.s.d.r.c.RepositoryConfigurationDelegate [main] Finished Spring Data repository scanning in 131 ms. Found 6 JPA repository interfaces.
2024-04-23 09:53:53,729 INFO o.h.j.i.u.LogHelper [main] HHH000204: Processing PersistenceUnitInfo [name: default]
2024-04-23 09:53:53,770 INFO o.h.Version [main] HHH000412: Hibernate ORM core version 6.5.0.CR1
2024-04-23 09:53:53,796 INFO o.h.c.i.RegionFactoryInitiator [main] HHH000026: Second-level cache disabled
2024-04-23 09:53:53,953 INFO o.s.o.j.p.SpringPersistenceUnitInfo [main] No LoadTimeWeaver setup: ignoring JPA class transformer
2024-04-23 09:53:53,965 WARN o.h.o.deprecation [main] HHH90000021: Encountered deprecated setting [hibernate.temp.use_jdbc_metadata_defaults], use [hibernate.boot.allow_jdbc_metadata_access] instead
2024-04-23 09:53:53,976 WARN o.h.o.deprecation [main] HHH90000025: PostgreSQLDialect does not need to be specified explicitly using 'hibernate.dialect' (remove the property setting and it will be selected by default)
2024-04-23 09:53:54,784 INFO o.h.e.t.j.p.i.JtaPlatformInitiator [main] HHH000489: No JTA platform available (set 'hibernate.transaction.jta.platform' to enable JTA platform integration)
2024-04-23 09:53:55,053 INFO o.s.o.j.LocalContainerEntityManagerFactoryBean [main] Initialized JPA EntityManagerFactory for persistence unit 'default'
2024-04-23 09:53:55,279 INFO o.s.d.j.r.q.QueryEnhancerFactory [main] Hibernate is in classpath; If applicable, HQL parser will be used.
2024-04-23 09:53:55,717 INFO b.b.d.MovieEntityTest [main] Started MovieEntityTest in 3.052 seconds (process running for 17.914)
2024-04-23 09:54:00,293 INFO o.s.o.j.LocalContainerEntityManagerFactoryBean [SpringApplicationShutdownHook] Closing JPA EntityManagerFactory for persistence unit 'default'
2024-04-23 09:58:13,306 INFO o.s.t.c.s.AnnotationConfigContextLoaderUtils [main] Could not detect default configuration classes for test class [by.bondarev.dbms.RedisAccessTest]: RedisAccessTest does not declare any static, non-private, non-final, nested classes annotated with @Configuration.
2024-04-23 09:58:13,444 INFO o.s.b.t.c.SpringBootTestContextBootstrapper [main] Found @SpringBootConfiguration by.bondarev.dbms.DbmsApplication for test class by.bondarev.dbms.RedisAccessTest
2024-04-23 09:58:13,988 INFO b.b.d.RedisAccessTest [main] Starting RedisAccessTest using Java 21.0.2 with PID 46279 (started by wupdp in /home/wupdp/Рабочий стол/Java/dbms-service)
2024-04-23 09:58:13,992 INFO b.b.d.RedisAccessTest [main] No active profile set, falling back to 1 default profile: "default"
2024-04-23 09:58:14,411 INFO o.s.d.r.c.RepositoryConfigurationDelegate [main] Multiple Spring Data modules found, entering strict repository configuration mode
2024-04-23 09:58:14,414 INFO o.s.d.r.c.RepositoryConfigurationDelegate [main] Bootstrapping Spring Data Redis repositories in DEFAULT mode.
2024-04-23 09:58:14,482 INFO o.s.d.r.c.RepositoryConfigurationExtensionSupport [main] Spring Data Redis - Could not safely identify store assignment for repository candidate interface by.bondarev.dbms.repository.CountryRepository; If you want this repository to be a Redis repository, consider annotating your entities with one of these annotations: org.springframework.data.redis.core.RedisHash (preferred), or consider extending one of the following types with your repository: org.springframework.data.keyvalue.repository.KeyValueRepository
2024-04-23 09:58:14,484 INFO o.s.d.r.c.RepositoryConfigurationExtensionSupport [main] Spring Data Redis - Could not safely identify store assignment for repository candidate interface by.bondarev.dbms.repository.GenreRepository; If you want this repository to be a Redis repository, consider annotating your entities with one of these annotations: org.springframework.data.redis.core.RedisHash (preferred), or consider extending one of the following types with your repository: org.springframework.data.keyvalue.repository.KeyValueRepository
2024-04-23 09:58:14,486 INFO o.s.d.r.c.RepositoryConfigurationExtensionSupport [main] Spring Data Redis - Could not safely identify store assignment for repository candidate interface by.bondarev.dbms.repository.MovieRepository; If you want this repository to be a Redis repository, consider annotating your entities with one of these annotations: org.springframework.data.redis.core.RedisHash (preferred), or consider extending one of the following types with your repository: org.springframework.data.keyvalue.repository.KeyValueRepository
2024-04-23 09:58:14,489 INFO o.s.d.r.c.RepositoryConfigurationExtensionSupport [main] Spring Data Redis - Could not safely identify store assignment for repository candidate interface by.bondarev.dbms.repository.PersonRepository; If you want this repository to be a Redis repository, consider annotating your entities with one of these annotations: org.springframework.data.redis.core.RedisHash (preferred), or consider extending one of the following types with your repository: org.springframework.data.keyvalue.repository.KeyValueRepository
2024-04-23 09:58:14,491 INFO o.s.d.r.c.RepositoryConfigurationExtensionSupport [main] Spring Data Redis - Could not safely identify store assignment for repository candidate interface by.bondarev.dbms.repository.StatusRepository; If you want this repository to be a Redis repository, consider annotating your entities with one of these annotations: org.springframework.data.redis.core.RedisHash (preferred), or consider extending one of the following types with your repository: org.springframework.data.keyvalue.repository.KeyValueRepository
2024-04-23 09:58:14,494 INFO o.s.d.r.c.RepositoryConfigurationExtensionSupport [main] Spring Data Redis - Could not safely identify store assignment for repository candidate interface by.bondarev.dbms.repository.TypeRepository; If you want this repository to be a Redis repository, consider annotating your entities with one of these annotations: org.springframework.data.redis.core.RedisHash (preferred), or consider extending one of the following types with your repository: org.springframework.data.keyvalue.repository.KeyValueRepository
2024-04-23 09:58:14,496 INFO o.s.d.r.c.RepositoryConfigurationDelegate [main] Finished Spring Data repository scanning in 62 ms. Found 0 Redis repository interfaces.
2024-04-23 09:58:15,143 INFO b.b.d.RedisAccessTest [main] Started RedisAccessTest in 1.623 seconds (process running for 7.41)
2024-04-23 09:58:20,085 INFO i.l.c.p.ConnectionWatchdog [lettuce-eventExecutorLoop-1-2] Reconnecting, last destination was localhost/127.0.0.1:6379
2024-04-23 09:58:20,090 WARN i.l.c.p.ConnectionWatchdog [lettuce-nioEventLoop-4-2] Cannot reconnect to [localhost/<unresolved>:6379]: Connection closed prematurely
io.lettuce.core.RedisConnectionException: Connection closed prematurely
	at io.lettuce.core.protocol.RedisHandshakeHandler.channelInactive(RedisHandshakeHandler.java:91) ~[lettuce-core-6.3.2.RELEASE.jar:6.3.2.RELEASE/8941aea]
	at io.netty.channel.AbstractChannelHandlerContext.invokeChannelInactive(AbstractChannelHandlerContext.java:303) ~[netty-transport-4.1.108.Final.jar:4.1.108.Final]
	at io.netty.channel.AbstractChannelHandlerContext.invokeChannelInactive(AbstractChannelHandlerContext.java:281) ~[netty-transport-4.1.108.Final.jar:4.1.108.Final]
	at io.netty.channel.AbstractChannelHandlerContext.fireChannelInactive(AbstractChannelHandlerContext.java:274) ~[netty-transport-4.1.108.Final.jar:4.1.108.Final]
	at io.netty.channel.ChannelInboundHandlerAdapter.channelInactive(ChannelInboundHandlerAdapter.java:81) ~[netty-transport-4.1.108.Final.jar:4.1.108.Final]
	at io.lettuce.core.ChannelGroupListener.channelInactive(ChannelGroupListener.java:69) ~[lettuce-core-6.3.2.RELEASE.jar:6.3.2.RELEASE/8941aea]
	at io.netty.channel.AbstractChannelHandlerContext.invokeChannelInactive(AbstractChannelHandlerContext.java:303) ~[netty-transport-4.1.108.Final.jar:4.1.108.Final]
	at io.netty.channel.AbstractChannelHandlerContext.invokeChannelInactive(AbstractChannelHandlerContext.java:281) ~[netty-transport-4.1.108.Final.jar:4.1.108.Final]
	at io.netty.channel.AbstractChannelHandlerContext.fireChannelInactive(AbstractChannelHandlerContext.java:274) ~[netty-transport-4.1.108.Final.jar:4.1.108.Final]
	at io.netty.channel.DefaultChannelPipeline$HeadContext.channelInactive(DefaultChannelPipeline.java:1405) ~[netty-transport-4.1.108.Final.jar:4.1.108.Final]
	at io.netty.channel.AbstractChannelHandlerContext.invokeChannelInactive(AbstractChannelHandlerContext.java:301) ~[netty-transport-4.1.108.Final.jar:4.1.108.Final]
	at io.netty.channel.AbstractChannelHandlerContext.invokeChannelInactive(AbstractChannelHandlerContext.java:281) ~[netty-transport-4.1.108.Final.jar:4.1.108.Final]
	at io.netty.channel.DefaultChannelPipeline.fireChannelInactive(DefaultChannelPipeline.java:901) ~[netty-transport-4.1.108.Final.jar:4.1.108.Final]
	at io.netty.channel.AbstractChannel$AbstractUnsafe$7.run(AbstractChannel.java:813) ~[netty-transport-4.1.108.Final.jar:4.1.108.Final]
	at io.netty.util.concurrent.AbstractEventExecutor.runTask(AbstractEventExecutor.java:173) ~[netty-common-4.1.108.Final.jar:4.1.108.Final]
	at io.netty.util.concurrent.AbstractEventExecutor.safeExecute(AbstractEventExecutor.java:166) ~[netty-common-4.1.108.Final.jar:4.1.108.Final]
	at io.netty.util.concurrent.SingleThreadEventExecutor.runAllTasks(SingleThreadEventExecutor.java:470) ~[netty-common-4.1.108.Final.jar:4.1.108.Final]
	at io.netty.channel.nio.NioEventLoop.run(NioEventLoop.java:566) ~[netty-transport-4.1.108.Final.jar:4.1.108.Final]
	at io.netty.util.concurrent.SingleThreadEventExecutor$4.run(SingleThreadEventExecutor.java:997) ~[netty-common-4.1.108.Final.jar:4.1.108.Final]
	at io.netty.util.internal.ThreadExecutorMap$2.run(ThreadExecutorMap.java:74) ~[netty-common-4.1.108.Final.jar:4.1.108.Final]
	at io.netty.util.concurrent.FastThreadLocalRunnable.run(FastThreadLocalRunnable.java:30) ~[netty-common-4.1.108.Final.jar:4.1.108.Final]
	at java.lang.Thread.run(Thread.java:1583) ~[?:?]
