2024-03-20 05:00:29,931 INFO b.b.m.MovieApplication [main] Starting MovieApplication using Java 17.0.9 with PID 65639 (/home/wupdp/Рабочий стол/Java/api-service/target/movie-search-1.0-SNAPSHOT.jar started by wupdp in /home/wupdp/Рабочий стол/Java/api-service)
2024-03-20 05:00:29,953 INFO b.b.m.MovieApplication [main] No active profile set, falling back to 1 default profile: "default"
2024-03-20 05:00:30,937 INFO b.b.m.MovieApplication [main] Started MovieApplication in 1.3 seconds (process running for 1.847)
2024-03-20 05:01:13,213 INFO o.s.w.s.DispatcherServlet [http-nio-8081-exec-1] Initializing Servlet 'dispatcherServlet'
2024-03-20 05:01:13,214 INFO o.s.w.s.DispatcherServlet [http-nio-8081-exec-1] Completed initialization in 1 ms
2024-03-20 05:01:13,694 INFO b.b.m.s.MovieService [http-nio-8081-exec-1] Retrieved random anime
2024-03-20 05:01:14,971 INFO b.b.m.s.MovieService [http-nio-8081-exec-2] Retrieved random anime
2024-03-20 05:01:15,965 INFO b.b.m.s.MovieService [http-nio-8081-exec-4] Retrieved random anime
2024-03-20 05:02:21,097 INFO b.b.m.MovieApplication [main] Starting MovieApplication using Java 21.0.2 with PID 65860 (/home/wupdp/Рабочий стол/Java/api-service/target/classes started by wupdp in /home/wupdp/Рабочий стол/Java/api-service)
2024-03-20 05:02:21,100 INFO b.b.m.MovieApplication [main] No active profile set, falling back to 1 default profile: "default"
2024-03-20 05:02:21,860 INFO b.b.m.MovieApplication [main] Started MovieApplication in 0.944 seconds (process running for 1.421)
2024-03-20 05:02:50,142 INFO o.s.w.s.DispatcherServlet [http-nio-8081-exec-1] Initializing Servlet 'dispatcherServlet'
2024-03-20 05:02:50,143 INFO o.s.w.s.DispatcherServlet [http-nio-8081-exec-1] Completed initialization in 0 ms
2024-03-20 05:02:50,573 INFO b.b.m.s.MovieService [http-nio-8081-exec-1] Retrieved random anime
2024-03-20 05:02:51,264 INFO b.b.m.s.MovieService [http-nio-8081-exec-2] Retrieved random anime
2024-03-20 05:10:04,466 INFO b.b.m.MovieApplication [main] Starting MovieApplication using Java 21.0.2 with PID 66542 (/home/wupdp/Рабочий стол/Java/api-service/target/classes started by wupdp in /home/wupdp/Рабочий стол/Java/api-service)
2024-03-20 05:10:04,470 INFO b.b.m.MovieApplication [main] No active profile set, falling back to 1 default profile: "default"
2024-03-20 05:10:05,184 INFO b.b.m.MovieApplication [main] Started MovieApplication in 0.884 seconds (process running for 1.317)
2024-03-20 05:13:12,414 INFO b.b.m.MovieApplication [main] Starting MovieApplication using Java 21.0.2 with PID 66711 (/home/wupdp/Рабочий стол/Java/api-service/target/classes started by wupdp in /home/wupdp/Рабочий стол/Java/api-service)
2024-03-20 05:13:12,418 INFO b.b.m.MovieApplication [main] No active profile set, falling back to 1 default profile: "default"
2024-03-20 05:13:12,826 INFO o.s.b.w.e.t.TomcatWebServer [main] Tomcat initialized with port 8081 (http)
2024-03-20 05:13:12,854 INFO o.s.b.w.s.c.ServletWebServerApplicationContext [main] Root WebApplicationContext: initialization completed in 416 ms
2024-03-20 05:13:13,126 INFO o.s.b.w.e.t.TomcatWebServer [main] Tomcat started on port 8081 (http) with context path ''
2024-03-20 05:13:13,131 INFO b.b.m.MovieApplication [main] Started MovieApplication in 0.895 seconds (process running for 1.41)
2024-03-20 05:13:56,059 INFO b.b.m.MovieApplication [main] Starting MovieApplication using Java 17.0.9 with PID 66919 (/home/wupdp/Рабочий стол/Java/api-service/target/movie-search-1.0-SNAPSHOT.jar started by wupdp in /home/wupdp/Рабочий стол/Java/api-service)
2024-03-20 05:13:56,065 INFO b.b.m.MovieApplication [main] No active profile set, falling back to 1 default profile: "default"
2024-03-20 05:13:56,648 INFO o.s.b.w.e.t.TomcatWebServer [main] Tomcat initialized with port 8081 (http)
2024-03-20 05:13:56,684 INFO o.s.b.w.s.c.ServletWebServerApplicationContext [main] Root WebApplicationContext: initialization completed in 580 ms
2024-03-20 05:13:57,032 INFO o.s.b.w.e.t.TomcatWebServer [main] Tomcat started on port 8081 (http) with context path ''
2024-03-20 05:13:57,039 INFO b.b.m.MovieApplication [main] Started MovieApplication in 1.246 seconds (process running for 1.74)
2024-03-20 05:14:12,726 INFO o.s.w.s.DispatcherServlet [http-nio-8081-exec-1] Initializing Servlet 'dispatcherServlet'
2024-03-20 05:14:12,727 INFO o.s.w.s.DispatcherServlet [http-nio-8081-exec-1] Completed initialization in 1 ms
2024-03-20 05:14:13,194 INFO b.b.m.s.MovieService [http-nio-8081-exec-1] Retrieved random anime
